<?xml version="1.0" encoding="UTF-8"?>
<!-- Generated by org.testng.reporters.JUnitXMLReporter -->
<testsuite ignored="3" hostname="ProSmart-PC" failures="1" tests="4" name="Test1" time="1.165" errors="0" timestamp="2023-04-16T14:13:09 EDT">
  <testcase classname="com.smart.listeners.TestClass1" name="testMethod1" time="0.027"/>
  <testcase classname="com.smart.listeners.TestClass1" name="testMethod2" time="0.002"/>
  <testcase classname="com.smart.listeners.TestClass1" name="testMethod3" time="1.014">
    <failure type="org.testng.internal.thread.ThreadTimeoutException" message="Method com.smart.listeners.TestClass1.testMethod3() didn&amp;apos;t finish within the time-out 1000">
      <![CDATA[org.testng.internal.thread.ThreadTimeoutException: Method com.smart.listeners.TestClass1.testMethod3() didn't finish within the time-out 1000
at java.base@17.0.5/java.lang.Thread.sleep(Native Method)
at app//com.smart.listeners.TestClass1.testMethod3(TestClass1.java:22)
at java.base@17.0.5/java.util.concurrent.FutureTask.run(FutureTask.java:264)
at java.base@17.0.5/java.util.concurrent.ThreadPoolExecutor.runWorker(ThreadPoolExecutor.java:1136)
at java.base@17.0.5/java.util.concurrent.ThreadPoolExecutor$Worker.run(ThreadPoolExecutor.java:635)
at java.base@17.0.5/java.lang.Thread.run(Thread.java:833)
... Removed 8 stack frames]]>
    </failure>
  </testcase> <!-- testMethod3 -->
  <testcase classname="com.smart.listeners.TestClass1" name="testMethod7" time="0.009"/>
  <testcase classname="com.smart.listeners.TestClass1" name="testMethod4" time="0.0">
    <ignored/>
  </testcase> <!-- testMethod4 -->
  <testcase classname="com.smart.listeners.TestClass1" name="testMethod5" time="0.0">
    <ignored/>
  </testcase> <!-- testMethod5 -->
  <testcase classname="com.smart.listeners.TestClass1" name="testMethod6" time="0.0">
    <ignored/>
  </testcase> <!-- testMethod6 -->
</testsuite> <!-- Test1 -->
