<?xml version="1.0" encoding="UTF-8"?>
<!-- Generated by org.testng.reporters.JUnitXMLReporter -->
<testsuite ignored="2" hostname="ProSmart-PC" failures="2" tests="5" name="Test2" time="1.048" errors="0" timestamp="2023-04-16T14:13:11 EDT">
  <testcase classname="com.smart.listeners.TestClass1" name="testMethod3" time="1.003">
    <failure type="org.testng.internal.thread.ThreadTimeoutException" message="Method com.smart.listeners.TestClass1.testMethod3() didn&amp;apos;t finish within the time-out 1000">
      <![CDATA[org.testng.internal.thread.ThreadTimeoutException: Method com.smart.listeners.TestClass1.testMethod3() didn't finish within the time-out 1000
at java.base@17.0.5/java.lang.Thread.sleep(Native Method)
at app//com.smart.listeners.TestClass1.testMethod3(TestClass1.java:22)
at java.base@17.0.5/java.util.concurrent.FutureTask.run(FutureTask.java:264)
at java.base@17.0.5/java.util.concurrent.ThreadPoolExecutor.runWorker(ThreadPoolExecutor.java:1136)
at java.base@17.0.5/java.util.concurrent.ThreadPoolExecutor$Worker.run(ThreadPoolExecutor.java:635)
at java.base@17.0.5/java.lang.Thread.run(Thread.java:833)
... Removed 8 stack frames]]>
    </failure>
  </testcase> <!-- testMethod3 -->
  <testcase classname="com.smart.listeners.TestClass1" name="testMethod4" time="0.0">
    <skipped/>
  </testcase> <!-- testMethod4 -->
  <testcase classname="com.smart.listeners.TestClass1" name="testMethod5" time="0.002"/>
  <testcase classname="com.smart.listeners.TestClass1" name="testMethod6" time="0.013">
    <failure type="java.lang.AssertionError" message="null">
      <![CDATA[java.lang.AssertionError: null
at com.smart.listeners.TestClass1.testMethod6(TestClass1.java:39)
at java.base/java.util.ArrayList.forEach(ArrayList.java:1511)
... Removed 29 stack frames]]>
    </failure>
  </testcase> <!-- testMethod6 -->
  <testcase classname="com.smart.listeners.TestClass1" name="testMethod7" time="0.002"/>
  <testcase classname="com.smart.listeners.TestClass1" name="testMethod2" time="0.0">
    <ignored/>
  </testcase> <!-- testMethod2 -->
  <testcase classname="com.smart.listeners.TestClass1" name="testMethod1" time="0.0">
    <ignored/>
  </testcase> <!-- testMethod1 -->
</testsuite> <!-- Test2 -->
