<?xml version="1.0" encoding="UTF-8"?>
<!-- Generated by org.testng.reporters.JUnitXMLReporter -->
<testsuite ignored="2" hostname="ProSmart-PC" failures="0" tests="1" name="FacebookTest" time="42.018" errors="0" timestamp="2023-04-16T12:15:59 EDT">
  <testcase classname="com.smart.parallelTest.FirstTest" name="testFacebook" time="41.967"/>
  <testcase classname="com.smart.parallelTest.FirstTest" name="testGoogle" time="0.0">
    <ignored/>
  </testcase> <!-- testGoogle -->
  <testcase classname="com.smart.parallelTest.FirstTest" name="testOrangeHRMLogin" time="0.0">
    <ignored/>
  </testcase> <!-- testOrangeHRMLogin -->
</testsuite> <!-- FacebookTest -->
