<?xml version="1.0" encoding="UTF-8"?>
<!-- Generated by org.testng.reporters.JUnitXMLReporter -->
<testsuite ignored="2" hostname="ProSmart-PC" failures="0" tests="1" name="OrangeHRMTest" time="52.714" errors="0" timestamp="2023-04-16T12:16:09 EDT">
  <testcase classname="com.smart.parallelTest.FirstTest" name="testOrangeHRMLogin" time="52.644"/>
  <testcase classname="com.smart.parallelTest.FirstTest" name="testGoogle" time="0.0">
    <ignored/>
  </testcase> <!-- testGoogle -->
  <testcase classname="com.smart.parallelTest.FirstTest" name="testFacebook" time="0.0">
    <ignored/>
  </testcase> <!-- testFacebook -->
</testsuite> <!-- OrangeHRMTest -->
