<?xml version="1.0" encoding="UTF-8"?>
<!-- Generated by org.testng.reporters.JUnitXMLReporter -->
<testsuite ignored="0" hostname="ProSmart-PC" failures="0" tests="4" name="Test3" time="0.033" errors="0" timestamp="2023-04-16T11:25:03 EDT">
  <testcase classname="com.smart.parallelTest.TestClass3" name="testMethod10" time="0.002"/>
  <testcase classname="com.smart.parallelTest.TestClass3" name="testMethod11" time="0.002"/>
  <testcase classname="com.smart.parallelTest.TestClass3" name="testMethod12" time="0.002"/>
  <testcase classname="com.smart.parallelTest.TestClass3" name="testMethod9" time="0.001"/>
</testsuite> <!-- Test3 -->
