<?xml version="1.0" encoding="UTF-8"?>
<!-- Generated by org.testng.reporters.JUnitXMLReporter -->
<testsuite ignored="0" hostname="ProSmart-PC" failures="0" tests="4" name="Test2" time="0.022" errors="0" timestamp="2023-04-16T11:25:03 EDT">
  <testcase classname="com.smart.parallelTest.TestClass2" name="testMethod5" time="0.002"/>
  <testcase classname="com.smart.parallelTest.TestClass2" name="testMethod6" time="0.001"/>
  <testcase classname="com.smart.parallelTest.TestClass2" name="testMethod7" time="0.002"/>
  <testcase classname="com.smart.parallelTest.TestClass2" name="testMethod8" time="0.002"/>
</testsuite> <!-- Test2 -->
