<?xml version="1.0" encoding="UTF-8"?>
<!-- Generated by org.testng.reporters.JUnitXMLReporter -->
<testsuite ignored="0" hostname="ProSmart-PC" failures="0" tests="4" name="Test1" time="0.156" errors="0" timestamp="2023-04-16T11:25:02 EDT">
  <testcase classname="com.smart.parallelTest.TestClass1" name="testMethod1" time="0.018"/>
  <testcase classname="com.smart.parallelTest.TestClass1" name="testMethod2" time="0.004"/>
  <testcase classname="com.smart.parallelTest.TestClass1" name="testMethod3" time="0.005"/>
  <testcase classname="com.smart.parallelTest.TestClass1" name="testMethod4" time="0.009"/>
</testsuite> <!-- Test1 -->
