<?xml version="1.0" encoding="UTF-8"?>
<!-- Generated by org.testng.reporters.JUnitXMLReporter -->
<testsuite ignored="2" hostname="ProSmart-PC" failures="0" tests="3" name="OrangeLoginTest" time="10.781" errors="0" timestamp="2023-04-09T14:46:27 EDT">
  <testcase classname="com.smart.test.OrangeHRMTest" name="launchApplication" time="7.886"/>
  <testcase classname="com.smart.test.OrangeHRMTest" name="enterCredentials" time="0.79"/>
  <testcase classname="com.smart.test.OrangeHRMTest" name="verifyLogin" time="2.092"/>
  <testcase classname="com.smart.test.OrangeHRMTest" name="navigateToMyInfo" time="0.0">
    <ignored/>
  </testcase> <!-- navigateToMyInfo -->
  <testcase classname="com.smart.test.OrangeHRMTest" name="verifyMyInfo" time="0.0">
    <ignored/>
  </testcase> <!-- verifyMyInfo -->
</testsuite> <!-- OrangeLoginTest -->
