<?xml version="1.0" encoding="UTF-8"?>
<!-- Generated by org.testng.reporters.JUnitXMLReporter -->
<testsuite ignored="1" hostname="ProSmart-PC" failures="0" tests="4" name="OrangeMyInfoTest" time="11.693" errors="0" timestamp="2023-04-09T14:46:39 EDT">
  <testcase classname="com.smart.test.OrangeHRMTest" name="launchApplication" time="6.631"/>
  <testcase classname="com.smart.test.OrangeHRMTest" name="enterCredentials" time="0.761"/>
  <testcase classname="com.smart.test.OrangeHRMTest" name="navigateToMyInfo" time="2.681"/>
  <testcase classname="com.smart.test.OrangeHRMTest" name="verifyMyInfo" time="1.603"/>
  <testcase classname="com.smart.test.OrangeHRMTest" name="verifyLogin" time="0.0">
    <ignored/>
  </testcase> <!-- verifyLogin -->
</testsuite> <!-- OrangeMyInfoTest -->
