<?xml version="1.0" encoding="UTF-8"?>
<!-- Generated by org.testng.reporters.JUnitXMLReporter -->
<testsuite ignored="0" hostname="ProSmart-PC" failures="0" tests="3" name="Default test" time="0.112" errors="0" timestamp="2023-04-16T15:33:48 EDT">
  <testcase classname="com.smart.test.DataProviderTest" name="testData_Provider" time="0.013"/>
  <testcase classname="com.smart.test.DataProviderTest" name="testData_Provider" time="0.002"/>
  <testcase classname="com.smart.test.DataProviderTest" name="testData_Provider" time="0.002"/>
</testsuite> <!-- Default test -->
