<?xml version="1.0" encoding="UTF-8"?>
<testng-results ignored="0" total="3" passed="3" failed="0" skipped="0">
  <reporter-output>
  </reporter-output>
  <suite started-at="2023-04-16T15:33:48 EDT" name="Default suite" finished-at="2023-04-16T15:33:48 EDT" duration-ms="112">
    <groups>
    </groups>
    <test started-at="2023-04-16T15:33:48 EDT" name="Default test" finished-at="2023-04-16T15:33:48 EDT" duration-ms="112">
      <class name="com.smart.test.DataProviderTest">
        <test-method signature="testData_Provider(java.lang.String,java.lang.String)[pri:0, instance:com.smart.test.DataProviderTest@273e7444]" started-at="2023-04-16T15:33:48 EDT" name="testData_Provider" data-provider="getData" finished-at="2023-04-16T15:33:48 EDT" duration-ms="13" status="PASS">
          <params>
            <param index="0">
              <value>
                <![CDATA[userName1]]>
              </value>
            </param>
            <param index="1">
              <value>
                <![CDATA[password1]]>
              </value>
            </param>
          </params>
          <reporter-output>
          </reporter-output>
        </test-method> <!-- testData_Provider -->
        <test-method signature="testData_Provider(java.lang.String,java.lang.String)[pri:0, instance:com.smart.test.DataProviderTest@273e7444]" started-at="2023-04-16T15:33:48 EDT" name="testData_Provider" data-provider="getData" finished-at="2023-04-16T15:33:48 EDT" duration-ms="2" status="PASS">
          <params>
            <param index="0">
              <value>
                <![CDATA[userName2]]>
              </value>
            </param>
            <param index="1">
              <value>
                <![CDATA[password2]]>
              </value>
            </param>
          </params>
          <reporter-output>
          </reporter-output>
        </test-method> <!-- testData_Provider -->
        <test-method signature="testData_Provider(java.lang.String,java.lang.String)[pri:0, instance:com.smart.test.DataProviderTest@273e7444]" started-at="2023-04-16T15:33:48 EDT" name="testData_Provider" data-provider="getData" finished-at="2023-04-16T15:33:48 EDT" duration-ms="2" status="PASS">
          <params>
            <param index="0">
              <value>
                <![CDATA[userName3]]>
              </value>
            </param>
            <param index="1">
              <value>
                <![CDATA[password3]]>
              </value>
            </param>
          </params>
          <reporter-output>
          </reporter-output>
        </test-method> <!-- testData_Provider -->
      </class> <!-- com.smart.test.DataProviderTest -->
    </test> <!-- Default test -->
  </suite> <!-- Default suite -->
</testng-results>
